<?xml version="1.0" encoding="UTF-8"?>
<testsuite name="baseline.Solution45Test" tests="2" skipped="0" failures="0" errors="0" timestamp="2021-10-16T21:29:58" hostname="LAPTOP-3Q532GHH" time="0.025">
  <properties/>
  <testcase name="ReadFileTest()" classname="baseline.Solution45Test" time="0.019"/>
  <testcase name="WriteFileTest()" classname="baseline.Solution45Test" time="0.005"/>
  <system-out><![CDATA[]]></system-out>
  <system-err><![CDATA[]]></system-err>
</testsuite>
