<?xml version="1.0" encoding="UTF-8"?>
<testsuite name="baseline.Solution46Test" tests="1" skipped="0" failures="0" errors="0" timestamp="2021-10-18T01:15:14" hostname="LAPTOP-3Q532GHH" time="0.019">
  <properties/>
  <testcase name="test()" classname="baseline.Solution46Test" time="0.019"/>
  <system-out><![CDATA[]]></system-out>
  <system-err><![CDATA[]]></system-err>
</testsuite>
