<?xml version="1.0" encoding="UTF-8"?>
<testsuite name="baseline.Solution42Test" tests="1" skipped="0" failures="0" errors="0" timestamp="2021-10-17T06:54:32" hostname="LAPTOP-3Q532GHH" time="0.033">
  <properties/>
  <testcase name="directoryTest()" classname="baseline.Solution42Test" time="0.033"/>
  <system-out><![CDATA[Last             First            Salary           
----------------------------------------
Ling             Mai              55900            
Johnson          Jim              56500            
Jones            Aaron            46000            
Jones            Chris            34500            
Swift            Geoffrey         14200            
Xiong            Fong             65000            
Zarnecki         Sabrina          51500            
]]></system-out>
  <system-err><![CDATA[]]></system-err>
</testsuite>
