<?xml version="1.0" encoding="UTF-8"?>
<testsuite name="baseline.GeneratorTest" tests="4" skipped="0" failures="0" errors="0" timestamp="2021-10-17T01:18:40" hostname="LAPTOP-3Q532GHH" time="0.026">
  <properties/>
  <testcase name="createHTMl_works()" classname="baseline.GeneratorTest" time="0.021"/>
  <testcase name="createCSSFolder_works()" classname="baseline.GeneratorTest" time="0.001"/>
  <testcase name="createJSFolder_works()" classname="baseline.GeneratorTest" time="0.001"/>
  <testcase name="createWebsite_works()" classname="baseline.GeneratorTest" time="0.001"/>
  <system-out><![CDATA[]]></system-out>
  <system-err><![CDATA[]]></system-err>
</testsuite>
